<?xml version="1.0" encoding="UTF-8"?>
<testsuite xmlns:xsi="http://www.w3.org/2001/XMLSchema-instance" xsi:noNamespaceSchemaLocation="https://maven.apache.org/surefire/maven-surefire-plugin/xsd/surefire-test-report-3.0.xsd" version="3.0" name="com.medipol.ygoaf1.Ygoaf1ApplicationTests" time="2.73" tests="1" errors="0" skipped="0" failures="0">
  <properties>
[...]
</properties>
  <testcase name="contextLoads" classname="com.medipol.ygoaf1.Ygoaf1ApplicationTests" time="0.714">
    <system-out><![CDATA[20:21:53.327 [main] INFO org.springframework.test.context.support.AnnotationConfigContextLoaderUtils -- Could not detect default configuration classes for test class [com.medipol.ygoaf1.Ygoaf1ApplicationTests]: Ygoaf1ApplicationTests does not declare any static, non-private, non-final, nested classes annotated with @Configuration.
20:21:53.499 [main] INFO org.springframework.boot.test.context.SpringBootTestContextBootstrapper -- Found @SpringBootConfiguration com.medipol.ygoaf1.Ygoaf1Application for test class com.medipol.ygoaf1.Ygoaf1ApplicationTests

  .   ____          _            __ _ _
 /\\ / ___'_ __ _ _(_)_ __  __ _ \ \ \ \
( ( )\___ | '_ | '_| | '_ \/ _` | \ \ \ \
 \\/  ___)| |_)| | | | | || (_| |  ) ) ) )
  '  |____| .__|_| |_|_| |_\__, | / / / /
 =========|_|==============|___/=/_/_/_/
 :: Spring Boot ::                (v3.2.5)

2024-05-07T20:21:53.983+03:00  INFO 47996 --- [ygoaf1] [           main] c.medipol.ygoaf1.Ygoaf1ApplicationTests  : Starting Ygoaf1ApplicationTests using Java 17.0.10 with PID 47996 (started by SCUM in C:\Users\SCUM\Documents\Repos\Spring Backend Projects\ygoaf1)
2024-05-07T20:21:53.984+03:00  INFO 47996 --- [ygoaf1] [           main] c.medipol.ygoaf1.Ygoaf1ApplicationTests  : No active profile set, falling back to 1 default profile: "default"
2024-05-07T20:21:55.077+03:00  INFO 47996 --- [ygoaf1] [           main] c.medipol.ygoaf1.Ygoaf1ApplicationTests  : Started Ygoaf1ApplicationTests in 1.357 seconds (process running for 2.683)
]]></system-out>
  </testcase>
</testsuite>